<?xml version="1.0" encoding="UTF-8"?>
<!-- Generated by org.testng.reporters.JUnitReportReporter -->
<testsuite skipped="0" hostname="DESKTOP-V52IN55" name="objects.Type$MyTestClass" tests="1" failures="0" timestamp="2022-04-08T11:46:24 PDT" time="0.004" errors="0">
  <testcase name="testMethod" time="0.004" classname="objects.Type$MyTestClass"/>
  <system-out/>
</testsuite> <!-- objects.Type$MyTestClass -->
